2018-11-24 10:34:02.448  INFO 14240 --- [main] com.book.AdminServerApplication          : No active profile set, falling back to default profiles: default
2018-11-24 10:34:02.460  INFO 14240 --- [main] ationConfigEmbeddedWebApplicationContext : Refreshing org.springframework.boot.context.embedded.AnnotationConfigEmbeddedWebApplicationContext@e54303: startup date [Sat Nov 24 10:34:02 CST 2018]; parent: org.springframework.context.annotation.AnnotationConfigApplicationContext@4690b489
2018-11-24 10:34:03.077  INFO 14240 --- [main] o.s.b.f.s.DefaultListableBeanFactory     : Overriding bean definition for bean 'counterFactory' with a different definition: replacing [Root bean: class [null]; scope=; abstract=false; lazyInit=false; autowireMode=3; dependencyCheck=0; autowireCandidate=true; primary=false; factoryBeanName=org.springframework.cloud.netflix.zuul.ZuulConfiguration$ZuulMetricsConfiguration; factoryMethodName=counterFactory; initMethodName=null; destroyMethodName=(inferred); defined in class path resource [org/springframework/cloud/netflix/zuul/ZuulConfiguration$ZuulMetricsConfiguration.class]] with [Root bean: class [null]; scope=; abstract=false; lazyInit=false; autowireMode=3; dependencyCheck=0; autowireCandidate=true; primary=false; factoryBeanName=org.springframework.cloud.netflix.zuul.ZuulConfiguration$ZuulCounterFactoryConfiguration; factoryMethodName=counterFactory; initMethodName=null; destroyMethodName=(inferred); defined in class path resource [org/springframework/cloud/netflix/zuul/ZuulConfiguration$ZuulCounterFactoryConfiguration.class]]
2018-11-24 10:34:03.211  INFO 14240 --- [main] o.s.cloud.context.scope.GenericScope     : BeanFactory id=dcbd74ea-bf85-3790-b34c-660dcc4bb54e
2018-11-24 10:34:03.227  INFO 14240 --- [main] f.a.AutowiredAnnotationBeanPostProcessor : JSR-330 'javax.inject.Inject' annotation found and supported for autowiring
2018-11-24 10:34:03.272  INFO 14240 --- [main] trationDelegate$BeanPostProcessorChecker : Bean 'org.springframework.cloud.netflix.metrics.MetricsInterceptorConfiguration$MetricsRestTemplateConfiguration' of type [org.springframework.cloud.netflix.metrics.MetricsInterceptorConfiguration$MetricsRestTemplateConfiguration$$EnhancerBySpringCGLIB$$2b9669ea] is not eligible for getting processed by all BeanPostProcessors (for example: not eligible for auto-proxying)
2018-11-24 10:34:03.280  INFO 14240 --- [main] trationDelegate$BeanPostProcessorChecker : Bean 'org.springframework.cloud.autoconfigure.ConfigurationPropertiesRebinderAutoConfiguration' of type [org.springframework.cloud.autoconfigure.ConfigurationPropertiesRebinderAutoConfiguration$$EnhancerBySpringCGLIB$$1583c6a6] is not eligible for getting processed by all BeanPostProcessors (for example: not eligible for auto-proxying)
2018-11-24 10:34:03.479  INFO 14240 --- [main] s.b.c.e.t.TomcatEmbeddedServletContainer : Tomcat initialized with port(s): 5000 (http)
2018-11-24 10:34:03.489  INFO 14240 --- [main] o.apache.catalina.core.StandardService   : Starting service Tomcat
2018-11-24 10:34:03.490  INFO 14240 --- [main] org.apache.catalina.core.StandardEngine  : Starting Servlet Engine: Apache Tomcat/8.5.14
2018-11-24 10:34:03.674  INFO 14240 --- [localhost-startStop-1] o.a.c.c.C.[Tomcat].[localhost].[/]       : Initializing Spring embedded WebApplicationContext
2018-11-24 10:34:03.674  INFO 14240 --- [localhost-startStop-1] o.s.web.context.ContextLoader            : Root WebApplicationContext: initialization completed in 1214 ms
2018-11-24 10:34:04.154  WARN 14240 --- [localhost-startStop-1] c.n.c.sources.URLConfigurationSource     : No URLs will be polled as dynamic configuration sources.
2018-11-24 10:34:04.155  INFO 14240 --- [localhost-startStop-1] c.n.c.sources.URLConfigurationSource     : To enable URLs as dynamic configuration sources, define System property archaius.configurationSource.additionalUrls or make config.properties available on classpath.
2018-11-24 10:34:04.161  INFO 14240 --- [localhost-startStop-1] c.netflix.config.DynamicPropertyFactory  : DynamicPropertyFactory is initialized with configuration sources: com.netflix.config.ConcurrentCompositeConfiguration@2ecab186
2018-11-24 10:34:04.475  INFO 14240 --- [localhost-startStop-1] o.s.b.w.servlet.ServletRegistrationBean  : Mapping servlet: 'dispatcherServlet' to [/]
2018-11-24 10:34:04.476  INFO 14240 --- [localhost-startStop-1] o.s.b.w.servlet.ServletRegistrationBean  : Mapping servlet: 'zuulServlet' to [/zuul/*]
2018-11-24 10:34:04.479  INFO 14240 --- [localhost-startStop-1] o.s.b.w.servlet.FilterRegistrationBean   : Mapping filter: 'metricsFilter' to: [/*]
2018-11-24 10:34:04.479  INFO 14240 --- [localhost-startStop-1] o.s.b.w.servlet.FilterRegistrationBean   : Mapping filter: 'characterEncodingFilter' to: [/*]
2018-11-24 10:34:04.479  INFO 14240 --- [localhost-startStop-1] o.s.b.w.servlet.FilterRegistrationBean   : Mapping filter: 'hiddenHttpMethodFilter' to: [/*]
2018-11-24 10:34:04.479  INFO 14240 --- [localhost-startStop-1] o.s.b.w.servlet.FilterRegistrationBean   : Mapping filter: 'httpPutFormContentFilter' to: [/*]
2018-11-24 10:34:04.479  INFO 14240 --- [localhost-startStop-1] o.s.b.w.servlet.FilterRegistrationBean   : Mapping filter: 'requestContextFilter' to: [/*]
2018-11-24 10:34:04.480  INFO 14240 --- [localhost-startStop-1] o.s.b.w.servlet.FilterRegistrationBean   : Mapping filter: 'webRequestLoggingFilter' to: [/*]
2018-11-24 10:34:04.480  INFO 14240 --- [localhost-startStop-1] o.s.b.w.servlet.FilterRegistrationBean   : Mapping filter: 'applicationContextIdFilter' to: [/*]
2018-11-24 10:34:04.492  INFO 14240 --- [localhost-startStop-1] o.s.c.n.zuul.ZuulFilterInitializer       : Starting filter initializer context listener
2018-11-24 10:34:05.260  INFO 14240 --- [main] o.a.c.c.C.[Tomcat].[localhost].[/]       : jolokia: No access restrictor found, access to any MBean is allowed
2018-11-24 10:34:05.441  INFO 14240 --- [main] s.w.s.m.m.a.RequestMappingHandlerAdapter : Looking for @ControllerAdvice: org.springframework.boot.context.embedded.AnnotationConfigEmbeddedWebApplicationContext@e54303: startup date [Sat Nov 24 10:34:02 CST 2018]; parent: org.springframework.context.annotation.AnnotationConfigApplicationContext@4690b489
2018-11-24 10:34:05.566  INFO 14240 --- [main] s.w.s.m.m.a.RequestMappingHandlerMapping : Mapped "{[/error]}" onto public org.springframework.http.ResponseEntity<java.util.Map<java.lang.String, java.lang.Object>> org.springframework.boot.autoconfigure.web.BasicErrorController.error(javax.servlet.http.HttpServletRequest)
2018-11-24 10:34:05.567  INFO 14240 --- [main] s.w.s.m.m.a.RequestMappingHandlerMapping : Mapped "{[/error],produces=[text/html]}" onto public org.springframework.web.servlet.ModelAndView org.springframework.boot.autoconfigure.web.BasicErrorController.errorHtml(javax.servlet.http.HttpServletRequest,javax.servlet.http.HttpServletResponse)
2018-11-24 10:34:05.572  INFO 14240 --- [main] s.w.s.m.m.a.RequestMappingHandlerMapping : Mapped "{[/api/applications/{id}],methods=[GET]}" onto public org.springframework.http.ResponseEntity<?> de.codecentric.boot.admin.registry.web.RegistryController.get(java.lang.String)
2018-11-24 10:34:05.573  INFO 14240 --- [main] s.w.s.m.m.a.RequestMappingHandlerMapping : Mapped "{[/api/applications],methods=[POST]}" onto public org.springframework.http.ResponseEntity<de.codecentric.boot.admin.model.Application> de.codecentric.boot.admin.registry.web.RegistryController.register(de.codecentric.boot.admin.model.Application)
2018-11-24 10:34:05.573  INFO 14240 --- [main] s.w.s.m.m.a.RequestMappingHandlerMapping : Mapped "{[/api/applications/{id}],methods=[DELETE]}" onto public org.springframework.http.ResponseEntity<?> de.codecentric.boot.admin.registry.web.RegistryController.unregister(java.lang.String)
2018-11-24 10:34:05.573  INFO 14240 --- [main] s.w.s.m.m.a.RequestMappingHandlerMapping : Mapped "{[/api/applications],methods=[GET]}" onto public java.util.Collection<de.codecentric.boot.admin.model.Application> de.codecentric.boot.admin.registry.web.RegistryController.applications(java.lang.String)
2018-11-24 10:34:05.577  INFO 14240 --- [main] s.w.s.m.m.a.RequestMappingHandlerMapping : Mapped "{[/api/journal],produces=[text/event-stream]}" onto public org.springframework.web.servlet.mvc.method.annotation.SseEmitter de.codecentric.boot.admin.journal.web.JournalController.getJournalEvents()
2018-11-24 10:34:05.577  INFO 14240 --- [main] s.w.s.m.m.a.RequestMappingHandlerMapping : Mapped "{[/api/journal],produces=[application/json]}" onto public java.util.Collection<de.codecentric.boot.admin.event.ClientApplicationEvent> de.codecentric.boot.admin.journal.web.JournalController.getJournal()
2018-11-24 10:34:05.591  INFO 14240 --- [main] o.s.w.s.handler.SimpleUrlHandlerMapping  : Root mapping to handler of type [class org.springframework.web.servlet.mvc.ParameterizableViewController]
2018-11-24 10:34:05.603  WARN 14240 --- [main] o.s.w.s.r.ResourceHttpRequestHandler     : Locations list is empty. No resources will be served unless a custom ResourceResolver is configured as an alternative to PathResourceResolver.
2018-11-24 10:34:05.603  WARN 14240 --- [main] o.s.w.s.r.ResourceHttpRequestHandler     : Locations list is empty. No resources will be served unless a custom ResourceResolver is configured as an alternative to PathResourceResolver.
2018-11-24 10:34:05.604  INFO 14240 --- [main] o.s.w.s.handler.SimpleUrlHandlerMapping  : Mapped URL path [/webjars/**] onto handler of type [class org.springframework.web.servlet.resource.ResourceHttpRequestHandler]
2018-11-24 10:34:05.605  INFO 14240 --- [main] o.s.w.s.handler.SimpleUrlHandlerMapping  : Mapped URL path [/**] onto handler of type [class org.springframework.web.servlet.resource.ResourceHttpRequestHandler]
2018-11-24 10:34:05.605  INFO 14240 --- [main] o.s.w.s.handler.SimpleUrlHandlerMapping  : Mapped URL path [/all-modules.css] onto handler of type [class org.springframework.web.servlet.resource.ResourceHttpRequestHandler]
2018-11-24 10:34:05.605  INFO 14240 --- [main] o.s.w.s.handler.SimpleUrlHandlerMapping  : Mapped URL path [/all-modules.js] onto handler of type [class org.springframework.web.servlet.resource.ResourceHttpRequestHandler]
2018-11-24 10:34:05.640  INFO 14240 --- [main] o.s.w.s.handler.SimpleUrlHandlerMapping  : Mapped URL path [/**/favicon.ico] onto handler of type [class org.springframework.web.servlet.resource.ResourceHttpRequestHandler]
2018-11-24 10:34:06.146  INFO 14240 --- [main] o.s.b.a.e.mvc.EndpointHandlerMapping     : Mapped "{[/archaius || /archaius.json],methods=[GET],produces=[application/vnd.spring-boot.actuator.v1+json || application/json]}" onto public java.lang.Object org.springframework.boot.actuate.endpoint.mvc.EndpointMvcAdapter.invoke()
2018-11-24 10:34:06.148  INFO 14240 --- [main] o.s.b.a.e.mvc.EndpointHandlerMapping     : Mapped "{[/env/{name:.*}],methods=[GET],produces=[application/vnd.spring-boot.actuator.v1+json || application/json]}" onto public java.lang.Object org.springframework.boot.actuate.endpoint.mvc.EnvironmentMvcEndpoint.value(java.lang.String)
2018-11-24 10:34:06.148  INFO 14240 --- [main] o.s.b.a.e.mvc.EndpointHandlerMapping     : Mapped "{[/env || /env.json],methods=[GET],produces=[application/vnd.spring-boot.actuator.v1+json || application/json]}" onto public java.lang.Object org.springframework.boot.actuate.endpoint.mvc.EndpointMvcAdapter.invoke()
2018-11-24 10:34:06.149  INFO 14240 --- [main] o.s.b.a.e.mvc.EndpointHandlerMapping     : Mapped "{[/mappings || /mappings.json],methods=[GET],produces=[application/vnd.spring-boot.actuator.v1+json || application/json]}" onto public java.lang.Object org.springframework.boot.actuate.endpoint.mvc.EndpointMvcAdapter.invoke()
2018-11-24 10:34:06.152  INFO 14240 --- [main] o.s.b.a.e.mvc.EndpointHandlerMapping     : Mapped "{[/features || /features.json],methods=[GET],produces=[application/vnd.spring-boot.actuator.v1+json || application/json]}" onto public java.lang.Object org.springframework.boot.actuate.endpoint.mvc.EndpointMvcAdapter.invoke()
2018-11-24 10:34:06.153  INFO 14240 --- [main] o.s.b.a.e.mvc.EndpointHandlerMapping     : Mapped "{[/routes || /routes.json],methods=[GET],produces=[application/vnd.spring-boot.actuator.v1+json || application/json]}" onto public java.lang.Object org.springframework.boot.actuate.endpoint.mvc.EndpointMvcAdapter.invoke()
2018-11-24 10:34:06.154  INFO 14240 --- [main] o.s.b.a.e.mvc.EndpointHandlerMapping     : Mapped "{[/pause || /pause.json],methods=[POST]}" onto public java.lang.Object org.springframework.cloud.endpoint.GenericPostableMvcEndpoint.invoke()
2018-11-24 10:34:06.154  INFO 14240 --- [main] o.s.b.a.e.mvc.EndpointHandlerMapping     : Mapped "{[/restart || /restart.json],methods=[POST]}" onto public java.lang.Object org.springframework.cloud.context.restart.RestartMvcEndpoint.invoke()
2018-11-24 10:34:06.155  INFO 14240 --- [main] o.s.b.a.e.mvc.EndpointHandlerMapping     : Mapped "{[/health || /health.json],methods=[GET],produces=[application/vnd.spring-boot.actuator.v1+json || application/json]}" onto public java.lang.Object org.springframework.boot.actuate.endpoint.mvc.HealthMvcEndpoint.invoke(javax.servlet.http.HttpServletRequest,java.security.Principal)
2018-11-24 10:34:06.156  INFO 14240 --- [main] o.s.b.a.e.mvc.EndpointHandlerMapping     : Mapped "{[/loggers/{name:.*}],methods=[GET],produces=[application/vnd.spring-boot.actuator.v1+json || application/json]}" onto public java.lang.Object org.springframework.boot.actuate.endpoint.mvc.LoggersMvcEndpoint.get(java.lang.String)
2018-11-24 10:34:06.157  INFO 14240 --- [main] o.s.b.a.e.mvc.EndpointHandlerMapping     : Mapped "{[/loggers/{name:.*}],methods=[POST],consumes=[application/vnd.spring-boot.actuator.v1+json || application/json],produces=[application/vnd.spring-boot.actuator.v1+json || application/json]}" onto public java.lang.Object org.springframework.boot.actuate.endpoint.mvc.LoggersMvcEndpoint.set(java.lang.String,java.util.Map<java.lang.String, java.lang.String>)
2018-11-24 10:34:06.157  INFO 14240 --- [main] o.s.b.a.e.mvc.EndpointHandlerMapping     : Mapped "{[/loggers || /loggers.json],methods=[GET],produces=[application/vnd.spring-boot.actuator.v1+json || application/json]}" onto public java.lang.Object org.springframework.boot.actuate.endpoint.mvc.EndpointMvcAdapter.invoke()
2018-11-24 10:34:06.158  INFO 14240 --- [main] o.s.b.a.e.mvc.EndpointHandlerMapping     : Mapped "{[/auditevents || /auditevents.json],methods=[GET],produces=[application/vnd.spring-boot.actuator.v1+json || application/json]}" onto public org.springframework.http.ResponseEntity<?> org.springframework.boot.actuate.endpoint.mvc.AuditEventsMvcEndpoint.findByPrincipalAndAfterAndType(java.lang.String,java.util.Date,java.lang.String)
2018-11-24 10:34:06.158  INFO 14240 --- [main] o.s.b.a.e.mvc.EndpointHandlerMapping     : Mapped "{[/beans || /beans.json],methods=[GET],produces=[application/vnd.spring-boot.actuator.v1+json || application/json]}" onto public java.lang.Object org.springframework.boot.actuate.endpoint.mvc.EndpointMvcAdapter.invoke()
2018-11-24 10:34:06.159  INFO 14240 --- [main] o.s.b.a.e.mvc.EndpointHandlerMapping     : Mapped "{[/info || /info.json],methods=[GET],produces=[application/vnd.spring-boot.actuator.v1+json || application/json]}" onto public java.lang.Object org.springframework.boot.actuate.endpoint.mvc.EndpointMvcAdapter.invoke()
2018-11-24 10:34:06.159  INFO 14240 --- [main] o.s.b.a.e.mvc.EndpointHandlerMapping     : Mapped "{[/logfile || /logfile.json],methods=[GET || HEAD]}" onto public void org.springframework.boot.actuate.endpoint.mvc.LogFileMvcEndpoint.invoke(javax.servlet.http.HttpServletRequest,javax.servlet.http.HttpServletResponse) throws javax.servlet.ServletException,java.io.IOException
2018-11-24 10:34:06.161  INFO 14240 --- [main] o.s.b.a.e.mvc.EndpointHandlerMapping     : Mapped "{[/service-registry/instance-status],methods=[POST]}" onto public org.springframework.http.ResponseEntity<?> org.springframework.cloud.client.serviceregistry.endpoint.ServiceRegistryEndpoint.setStatus(java.lang.String)
2018-11-24 10:34:06.161  INFO 14240 --- [main] o.s.b.a.e.mvc.EndpointHandlerMapping     : Mapped "{[/service-registry/instance-status],methods=[GET]}" onto public org.springframework.http.ResponseEntity org.springframework.cloud.client.serviceregistry.endpoint.ServiceRegistryEndpoint.getStatus()
2018-11-24 10:34:06.162  INFO 14240 --- [main] o.s.b.a.e.mvc.EndpointHandlerMapping     : Mapped "{[/resume || /resume.json],methods=[POST]}" onto public java.lang.Object org.springframework.cloud.endpoint.GenericPostableMvcEndpoint.invoke()
2018-11-24 10:34:06.162  INFO 14240 --- [main] o.s.b.a.e.mvc.EndpointHandlerMapping     : Mapped "{[/autoconfig || /autoconfig.json],methods=[GET],produces=[application/vnd.spring-boot.actuator.v1+json || application/json]}" onto public java.lang.Object org.springframework.boot.actuate.endpoint.mvc.EndpointMvcAdapter.invoke()
2018-11-24 10:34:06.163  INFO 14240 --- [main] o.s.b.a.e.mvc.EndpointHandlerMapping     : Mapped "{[/refresh || /refresh.json],methods=[POST]}" onto public java.lang.Object org.springframework.cloud.endpoint.GenericPostableMvcEndpoint.invoke()
2018-11-24 10:34:06.163  INFO 14240 --- [main] o.s.b.a.e.mvc.EndpointHandlerMapping     : Mapped "{[/dump || /dump.json],methods=[GET],produces=[application/vnd.spring-boot.actuator.v1+json || application/json]}" onto public java.lang.Object org.springframework.boot.actuate.endpoint.mvc.EndpointMvcAdapter.invoke()
2018-11-24 10:34:06.164  INFO 14240 --- [main] o.s.b.a.e.mvc.EndpointHandlerMapping     : Mapped "{[/metrics/{name:.*}],methods=[GET],produces=[application/vnd.spring-boot.actuator.v1+json || application/json]}" onto public java.lang.Object org.springframework.boot.actuate.endpoint.mvc.MetricsMvcEndpoint.value(java.lang.String)
2018-11-24 10:34:06.164  INFO 14240 --- [main] o.s.b.a.e.mvc.EndpointHandlerMapping     : Mapped "{[/metrics || /metrics.json],methods=[GET],produces=[application/vnd.spring-boot.actuator.v1+json || application/json]}" onto public java.lang.Object org.springframework.boot.actuate.endpoint.mvc.EndpointMvcAdapter.invoke()
2018-11-24 10:34:06.165  INFO 14240 --- [main] o.s.b.a.e.mvc.EndpointHandlerMapping     : Mapped "{[/jolokia/**]}" onto public org.springframework.web.servlet.ModelAndView org.springframework.boot.actuate.endpoint.mvc.JolokiaMvcEndpoint.handle(javax.servlet.http.HttpServletRequest,javax.servlet.http.HttpServletResponse) throws java.lang.Exception
2018-11-24 10:34:06.165  INFO 14240 --- [main] o.s.b.a.e.mvc.EndpointHandlerMapping     : Mapped "{[/trace || /trace.json],methods=[GET],produces=[application/vnd.spring-boot.actuator.v1+json || application/json]}" onto public java.lang.Object org.springframework.boot.actuate.endpoint.mvc.EndpointMvcAdapter.invoke()
2018-11-24 10:34:06.166  INFO 14240 --- [main] o.s.b.a.e.mvc.EndpointHandlerMapping     : Mapped "{[/configprops || /configprops.json],methods=[GET],produces=[application/vnd.spring-boot.actuator.v1+json || application/json]}" onto public java.lang.Object org.springframework.boot.actuate.endpoint.mvc.EndpointMvcAdapter.invoke()
2018-11-24 10:34:06.167  INFO 14240 --- [main] o.s.b.a.e.mvc.EndpointHandlerMapping     : Mapped "{[/heapdump || /heapdump.json],methods=[GET],produces=[application/octet-stream]}" onto public void org.springframework.boot.actuate.endpoint.mvc.HeapdumpMvcEndpoint.invoke(boolean,javax.servlet.http.HttpServletRequest,javax.servlet.http.HttpServletResponse) throws java.io.IOException,javax.servlet.ServletException
2018-11-24 10:34:06.168  INFO 14240 --- [main] o.s.b.a.e.mvc.EndpointHandlerMapping     : Mapped "{[/env],methods=[POST]}" onto public java.lang.Object org.springframework.cloud.context.environment.EnvironmentManagerMvcEndpoint.value(java.util.Map<java.lang.String, java.lang.String>)
2018-11-24 10:34:06.169  INFO 14240 --- [main] o.s.b.a.e.mvc.EndpointHandlerMapping     : Mapped "{[/env/reset],methods=[POST]}" onto public java.util.Map<java.lang.String, java.lang.Object> org.springframework.cloud.context.environment.EnvironmentManagerMvcEndpoint.reset()
2018-11-24 10:34:06.384  WARN 14240 --- [main] c.n.c.sources.URLConfigurationSource     : No URLs will be polled as dynamic configuration sources.
2018-11-24 10:34:06.385  INFO 14240 --- [main] c.n.c.sources.URLConfigurationSource     : To enable URLs as dynamic configuration sources, define System property archaius.configurationSource.additionalUrls or make config.properties available on classpath.
2018-11-24 10:34:06.827  INFO 14240 --- [main] o.s.s.c.ThreadPoolTaskScheduler          : Initializing ExecutorService  'updateTaskScheduler'
2018-11-24 10:34:06.905  INFO 14240 --- [main] d.c.boot.admin.web.PrefixHandlerMapping  : Mapped "{[/api/applications/{id}],methods=[GET]}" onto public org.springframework.http.ResponseEntity<?> de.codecentric.boot.admin.registry.web.RegistryController.get(java.lang.String)
2018-11-24 10:34:06.906  INFO 14240 --- [main] d.c.boot.admin.web.PrefixHandlerMapping  : Mapped "{[/api/applications],methods=[POST]}" onto public org.springframework.http.ResponseEntity<de.codecentric.boot.admin.model.Application> de.codecentric.boot.admin.registry.web.RegistryController.register(de.codecentric.boot.admin.model.Application)
2018-11-24 10:34:06.907  INFO 14240 --- [main] d.c.boot.admin.web.PrefixHandlerMapping  : Mapped "{[/api/applications/{id}],methods=[DELETE]}" onto public org.springframework.http.ResponseEntity<?> de.codecentric.boot.admin.registry.web.RegistryController.unregister(java.lang.String)
2018-11-24 10:34:06.907  INFO 14240 --- [main] d.c.boot.admin.web.PrefixHandlerMapping  : Mapped "{[/api/applications],methods=[GET]}" onto public java.util.Collection<de.codecentric.boot.admin.model.Application> de.codecentric.boot.admin.registry.web.RegistryController.applications(java.lang.String)
2018-11-24 10:34:06.908  INFO 14240 --- [main] d.c.boot.admin.web.PrefixHandlerMapping  : Mapped "{[/api/journal],produces=[text/event-stream]}" onto public org.springframework.web.servlet.mvc.method.annotation.SseEmitter de.codecentric.boot.admin.journal.web.JournalController.getJournalEvents()
2018-11-24 10:34:06.909  INFO 14240 --- [main] d.c.boot.admin.web.PrefixHandlerMapping  : Mapped "{[/api/journal],produces=[application/json]}" onto public java.util.Collection<de.codecentric.boot.admin.event.ClientApplicationEvent> de.codecentric.boot.admin.journal.web.JournalController.getJournal()
2018-11-24 10:34:07.072  INFO 14240 --- [main] o.s.j.e.a.AnnotationMBeanExporter        : Registering beans for JMX exposure on startup
2018-11-24 10:34:07.080  INFO 14240 --- [main] o.s.j.e.a.AnnotationMBeanExporter        : Bean with name 'environmentManager' has been autodetected for JMX exposure
2018-11-24 10:34:07.082  INFO 14240 --- [main] o.s.j.e.a.AnnotationMBeanExporter        : Bean with name 'configurationPropertiesRebinder' has been autodetected for JMX exposure
2018-11-24 10:34:07.083  INFO 14240 --- [main] o.s.j.e.a.AnnotationMBeanExporter        : Bean with name 'refreshEndpoint' has been autodetected for JMX exposure
2018-11-24 10:34:07.085  INFO 14240 --- [main] o.s.j.e.a.AnnotationMBeanExporter        : Bean with name 'restartEndpoint' has been autodetected for JMX exposure
2018-11-24 10:34:07.086  INFO 14240 --- [main] o.s.j.e.a.AnnotationMBeanExporter        : Bean with name 'serviceRegistryEndpoint' has been autodetected for JMX exposure
2018-11-24 10:34:07.087  INFO 14240 --- [main] o.s.j.e.a.AnnotationMBeanExporter        : Bean with name 'zuulEndpoint' has been autodetected for JMX exposure
2018-11-24 10:34:07.089  INFO 14240 --- [main] o.s.j.e.a.AnnotationMBeanExporter        : Bean with name 'refreshScope' has been autodetected for JMX exposure
2018-11-24 10:34:07.091  INFO 14240 --- [main] o.s.j.e.a.AnnotationMBeanExporter        : Located managed bean 'environmentManager': registering with JMX server as MBean [org.springframework.cloud.context.environment:name=environmentManager,type=EnvironmentManager]
2018-11-24 10:34:07.110  INFO 14240 --- [main] o.s.j.e.a.AnnotationMBeanExporter        : Located managed bean 'restartEndpoint': registering with JMX server as MBean [org.springframework.cloud.context.restart:name=restartEndpoint,type=RestartEndpoint]
2018-11-24 10:34:07.123  INFO 14240 --- [main] o.s.j.e.a.AnnotationMBeanExporter        : Located managed bean 'serviceRegistryEndpoint': registering with JMX server as MBean [org.springframework.cloud.client.serviceregistry.endpoint:name=serviceRegistryEndpoint,type=ServiceRegistryEndpoint]
2018-11-24 10:34:07.131  INFO 14240 --- [main] o.s.j.e.a.AnnotationMBeanExporter        : Located managed bean 'refreshScope': registering with JMX server as MBean [org.springframework.cloud.context.scope.refresh:name=refreshScope,type=RefreshScope]
2018-11-24 10:34:07.142  INFO 14240 --- [main] o.s.j.e.a.AnnotationMBeanExporter        : Located managed bean 'zuulEndpoint': registering with JMX server as MBean [org.springframework.cloud.netflix.zuul:name=zuulEndpoint,type=RoutesEndpoint]
2018-11-24 10:34:07.143  WARN 14240 --- [main] o.s.j.e.a.AnnotationMBeanExporter        : Bean with key 'zuulEndpoint' has been registered as an MBean but has no exposed attributes or operations
2018-11-24 10:34:07.145  INFO 14240 --- [main] o.s.j.e.a.AnnotationMBeanExporter        : Located managed bean 'configurationPropertiesRebinder': registering with JMX server as MBean [org.springframework.cloud.context.properties:name=configurationPropertiesRebinder,context=e54303,type=ConfigurationPropertiesRebinder]
2018-11-24 10:34:07.152  INFO 14240 --- [main] o.s.j.e.a.AnnotationMBeanExporter        : Located managed bean 'refreshEndpoint': registering with JMX server as MBean [org.springframework.cloud.endpoint:name=refreshEndpoint,type=RefreshEndpoint]
2018-11-24 10:34:07.484  INFO 14240 --- [main] o.a.c.c.C.[Tomcat].[localhost].[/]       : jolokia: No access restrictor found, access to any MBean is allowed
2018-11-24 10:34:07.487  INFO 14240 --- [main] o.a.c.c.C.[Tomcat].[localhost].[/]       : jolokia: jolokia:type=Config is already registered. Adding it with jolokia:type=Config,uuid=d35afb71-914e-4802-9ed4-ecfc6b406974, but you should revise your setup in order to either use a qualifier or ensure, that only a single agent gets registered (otherwise history functionality might not work)
2018-11-24 10:34:07.487  INFO 14240 --- [main] o.a.c.c.C.[Tomcat].[localhost].[/]       : jolokia: Cannot register (legacy) MBean handler for config store with name jmx4perl:type=Config since it already exists. This is the case if another agent has been already started within the same JVM. The registration is skipped.
2018-11-24 10:34:07.487  INFO 14240 --- [main] o.a.c.c.C.[Tomcat].[localhost].[/]       : jolokia: Jolokia Discovery MBean registration is skipped because there is already one registered.
2018-11-24 10:34:07.542  INFO 14240 --- [main] o.s.c.support.DefaultLifecycleProcessor  : Starting beans in phase 0
2018-11-24 10:34:07.551  INFO 14240 --- [main] o.s.c.n.eureka.InstanceInfoFactory       : Setting initial instance status as: STARTING
2018-11-24 10:34:07.593  INFO 14240 --- [main] com.netflix.discovery.DiscoveryClient    : Initializing Eureka in region us-east-1
2018-11-24 10:34:07.660  INFO 14240 --- [main] c.n.d.provider.DiscoveryJerseyProvider   : Using JSON encoding codec LegacyJacksonJson
2018-11-24 10:34:07.661  INFO 14240 --- [main] c.n.d.provider.DiscoveryJerseyProvider   : Using JSON decoding codec LegacyJacksonJson
2018-11-24 10:34:07.730  INFO 14240 --- [main] c.n.d.provider.DiscoveryJerseyProvider   : Using XML encoding codec XStreamXml
2018-11-24 10:34:07.730  INFO 14240 --- [main] c.n.d.provider.DiscoveryJerseyProvider   : Using XML decoding codec XStreamXml
2018-11-24 10:34:07.872  INFO 14240 --- [main] c.n.d.s.r.aws.ConfigClusterResolver      : Resolving eureka endpoints via configuration
2018-11-24 10:34:08.060  INFO 14240 --- [main] com.netflix.discovery.DiscoveryClient    : Disable delta property : false
2018-11-24 10:34:08.060  INFO 14240 --- [main] com.netflix.discovery.DiscoveryClient    : Single vip registry refresh property : null
2018-11-24 10:34:08.060  INFO 14240 --- [main] com.netflix.discovery.DiscoveryClient    : Force full registry fetch : false
2018-11-24 10:34:08.060  INFO 14240 --- [main] com.netflix.discovery.DiscoveryClient    : Application is null : false
2018-11-24 10:34:08.060  INFO 14240 --- [main] com.netflix.discovery.DiscoveryClient    : Registered Applications size is zero : true
2018-11-24 10:34:08.060  INFO 14240 --- [main] com.netflix.discovery.DiscoveryClient    : Application version is -1: true
2018-11-24 10:34:08.060  INFO 14240 --- [main] com.netflix.discovery.DiscoveryClient    : Getting all instance registry info from the eureka server
2018-11-24 10:34:08.255  INFO 14240 --- [main] com.netflix.discovery.DiscoveryClient    : The response status is 200
2018-11-24 10:34:08.256  INFO 14240 --- [main] com.netflix.discovery.DiscoveryClient    : Starting heartbeat executor: renew interval is: 30
2018-11-24 10:34:08.258  INFO 14240 --- [main] c.n.discovery.InstanceInfoReplicator     : InstanceInfoReplicator onDemand update allowed rate per min is 4
2018-11-24 10:34:08.260  INFO 14240 --- [main] com.netflix.discovery.DiscoveryClient    : Discovery Client initialized at timestamp 1543026848260 with initial instances count: 0
2018-11-24 10:34:08.274  INFO 14240 --- [main] o.s.c.n.e.s.EurekaServiceRegistry        : Registering application admin-server with eureka with status UP
2018-11-24 10:34:08.275  INFO 14240 --- [main] com.netflix.discovery.DiscoveryClient    : Saw local status change event StatusChangeEvent [timestamp=1543026848275, current=UP, previous=STARTING]
2018-11-24 10:34:08.277  INFO 14240 --- [DiscoveryClient-InstanceInfoReplicator-0] com.netflix.discovery.DiscoveryClient    : DiscoveryClient_ADMIN-SERVER/DESKTOP-T4PO715:admin-server:5000: registering service...
2018-11-24 10:34:08.368  INFO 14240 --- [main] s.b.c.e.t.TomcatEmbeddedServletContainer : Tomcat started on port(s): 5000 (http)
2018-11-24 10:34:08.369  INFO 14240 --- [main] .s.c.n.e.s.EurekaAutoServiceRegistration : Updating port to 5000
2018-11-24 10:34:08.370  INFO 14240 --- [DiscoveryClient-InstanceInfoReplicator-0] com.netflix.discovery.DiscoveryClient    : DiscoveryClient_ADMIN-SERVER/DESKTOP-T4PO715:admin-server:5000 - registration status: 204
2018-11-24 10:34:08.375  INFO 14240 --- [main] com.book.AdminServerApplication          : Started AdminServerApplication in 7.186 seconds (JVM running for 9.049)
2018-11-24 10:34:24.275  INFO 14240 --- [http-nio-5000-exec-1] o.apache.tomcat.util.http.parser.Cookie  : A cookie header was received [1540093165] that contained an invalid cookie. That cookie will be ignored.Note: further occurrences of this error will be logged at DEBUG level.
2018-11-24 10:34:24.283  INFO 14240 --- [http-nio-5000-exec-1] o.a.c.c.C.[Tomcat].[localhost].[/]       : Initializing Spring FrameworkServlet 'dispatcherServlet'
2018-11-24 10:34:24.284  INFO 14240 --- [http-nio-5000-exec-1] o.s.web.servlet.DispatcherServlet        : FrameworkServlet 'dispatcherServlet': initialization started
2018-11-24 10:34:24.308  INFO 14240 --- [http-nio-5000-exec-1] o.s.web.servlet.DispatcherServlet        : FrameworkServlet 'dispatcherServlet': initialization completed in 24 ms
2018-11-24 10:34:24.321  WARN 14240 --- [http-nio-5000-exec-1] o.s.c.n.zuul.web.ZuulHandlerMapping      : No routes found from RouteLocator
2018-11-24 10:34:38.257  INFO 14240 --- [DiscoveryClient-CacheRefreshExecutor-0] com.netflix.discovery.DiscoveryClient    : Disable delta property : false
2018-11-24 10:34:38.257  INFO 14240 --- [DiscoveryClient-CacheRefreshExecutor-0] com.netflix.discovery.DiscoveryClient    : Single vip registry refresh property : null
2018-11-24 10:34:38.257  INFO 14240 --- [DiscoveryClient-CacheRefreshExecutor-0] com.netflix.discovery.DiscoveryClient    : Force full registry fetch : false
2018-11-24 10:34:38.257  INFO 14240 --- [DiscoveryClient-CacheRefreshExecutor-0] com.netflix.discovery.DiscoveryClient    : Application is null : false
2018-11-24 10:34:38.257  INFO 14240 --- [DiscoveryClient-CacheRefreshExecutor-0] com.netflix.discovery.DiscoveryClient    : Registered Applications size is zero : true
2018-11-24 10:34:38.257  INFO 14240 --- [DiscoveryClient-CacheRefreshExecutor-0] com.netflix.discovery.DiscoveryClient    : Application version is -1: false
2018-11-24 10:34:38.257  INFO 14240 --- [DiscoveryClient-CacheRefreshExecutor-0] com.netflix.discovery.DiscoveryClient    : Getting all instance registry info from the eureka server
2018-11-24 10:34:38.279  INFO 14240 --- [DiscoveryClient-CacheRefreshExecutor-0] com.netflix.discovery.DiscoveryClient    : The response status is 200
2018-11-24 10:34:38.287  INFO 14240 --- [DiscoveryClient-CacheRefreshExecutor-0] d.c.b.a.registry.ApplicationRegistry     : New Application Application [id=4db44897, name=ADMIN-SERVER, managementUrl=http://DESKTOP-T4PO715:5000, healthUrl=http://DESKTOP-T4PO715:5000/health, serviceUrl=http://DESKTOP-T4PO715:5000] registered 
2018-11-24 10:34:38.327  INFO 14240 --- [http-nio-5000-exec-7] o.s.c.n.zuul.web.ZuulHandlerMapping      : Mapped URL path [/api/applications/4db44897/health/**] onto handler of type [class de.codecentric.boot.admin.zuul.OptionsDispatchingZuulController]
2018-11-24 10:34:38.327  INFO 14240 --- [http-nio-5000-exec-7] o.s.c.n.zuul.web.ZuulHandlerMapping      : Mapped URL path [/api/applications/4db44897/env/**] onto handler of type [class de.codecentric.boot.admin.zuul.OptionsDispatchingZuulController]
2018-11-24 10:34:38.327  INFO 14240 --- [http-nio-5000-exec-7] o.s.c.n.zuul.web.ZuulHandlerMapping      : Mapped URL path [/api/applications/4db44897/metrics/**] onto handler of type [class de.codecentric.boot.admin.zuul.OptionsDispatchingZuulController]
2018-11-24 10:34:38.327  INFO 14240 --- [http-nio-5000-exec-7] o.s.c.n.zuul.web.ZuulHandlerMapping      : Mapped URL path [/api/applications/4db44897/dump/**] onto handler of type [class de.codecentric.boot.admin.zuul.OptionsDispatchingZuulController]
2018-11-24 10:34:38.327  INFO 14240 --- [http-nio-5000-exec-7] o.s.c.n.zuul.web.ZuulHandlerMapping      : Mapped URL path [/api/applications/4db44897/jolokia/**] onto handler of type [class de.codecentric.boot.admin.zuul.OptionsDispatchingZuulController]
2018-11-24 10:34:38.327  INFO 14240 --- [http-nio-5000-exec-7] o.s.c.n.zuul.web.ZuulHandlerMapping      : Mapped URL path [/api/applications/4db44897/info/**] onto handler of type [class de.codecentric.boot.admin.zuul.OptionsDispatchingZuulController]
2018-11-24 10:34:38.327  INFO 14240 --- [http-nio-5000-exec-7] o.s.c.n.zuul.web.ZuulHandlerMapping      : Mapped URL path [/api/applications/4db44897/configprops/**] onto handler of type [class de.codecentric.boot.admin.zuul.OptionsDispatchingZuulController]
2018-11-24 10:34:38.327  INFO 14240 --- [http-nio-5000-exec-7] o.s.c.n.zuul.web.ZuulHandlerMapping      : Mapped URL path [/api/applications/4db44897/trace/**] onto handler of type [class de.codecentric.boot.admin.zuul.OptionsDispatchingZuulController]
2018-11-24 10:34:38.328  INFO 14240 --- [http-nio-5000-exec-7] o.s.c.n.zuul.web.ZuulHandlerMapping      : Mapped URL path [/api/applications/4db44897/logfile/**] onto handler of type [class de.codecentric.boot.admin.zuul.OptionsDispatchingZuulController]
2018-11-24 10:34:38.328  INFO 14240 --- [http-nio-5000-exec-7] o.s.c.n.zuul.web.ZuulHandlerMapping      : Mapped URL path [/api/applications/4db44897/refresh/**] onto handler of type [class de.codecentric.boot.admin.zuul.OptionsDispatchingZuulController]
2018-11-24 10:34:38.328  INFO 14240 --- [http-nio-5000-exec-7] o.s.c.n.zuul.web.ZuulHandlerMapping      : Mapped URL path [/api/applications/4db44897/flyway/**] onto handler of type [class de.codecentric.boot.admin.zuul.OptionsDispatchingZuulController]
2018-11-24 10:34:38.328  INFO 14240 --- [http-nio-5000-exec-7] o.s.c.n.zuul.web.ZuulHandlerMapping      : Mapped URL path [/api/applications/4db44897/liquibase/**] onto handler of type [class de.codecentric.boot.admin.zuul.OptionsDispatchingZuulController]
2018-11-24 10:34:38.328  INFO 14240 --- [http-nio-5000-exec-7] o.s.c.n.zuul.web.ZuulHandlerMapping      : Mapped URL path [/api/applications/4db44897/heapdump/**] onto handler of type [class de.codecentric.boot.admin.zuul.OptionsDispatchingZuulController]
2018-11-24 10:34:38.329  INFO 14240 --- [http-nio-5000-exec-7] o.s.c.n.zuul.web.ZuulHandlerMapping      : Mapped URL path [/api/applications/4db44897/loggers/**] onto handler of type [class de.codecentric.boot.admin.zuul.OptionsDispatchingZuulController]
2018-11-24 10:34:38.329  INFO 14240 --- [http-nio-5000-exec-7] o.s.c.n.zuul.web.ZuulHandlerMapping      : Mapped URL path [/api/applications/4db44897/auditevents/**] onto handler of type [class de.codecentric.boot.admin.zuul.OptionsDispatchingZuulController]
2018-11-24 10:34:38.329  INFO 14240 --- [http-nio-5000-exec-7] o.s.c.n.zuul.web.ZuulHandlerMapping      : Mapped URL path [/api/applications/4db44897/hystrix.stream/**] onto handler of type [class de.codecentric.boot.admin.zuul.OptionsDispatchingZuulController]
2018-11-24 10:39:08.064  INFO 14240 --- [AsyncResolver-bootstrap-executor-0] c.n.d.s.r.aws.ConfigClusterResolver      : Resolving eureka endpoints via configuration
2018-11-24 10:44:08.064  INFO 14240 --- [AsyncResolver-bootstrap-executor-0] c.n.d.s.r.aws.ConfigClusterResolver      : Resolving eureka endpoints via configuration
2018-11-24 10:45:41.988  INFO 19004 --- [main] com.book.AdminServerApplication          : No active profile set, falling back to default profiles: default
2018-11-24 10:45:41.999  INFO 19004 --- [main] ationConfigEmbeddedWebApplicationContext : Refreshing org.springframework.boot.context.embedded.AnnotationConfigEmbeddedWebApplicationContext@e8df99a: startup date [Sat Nov 24 10:45:41 CST 2018]; parent: org.springframework.context.annotation.AnnotationConfigApplicationContext@79b06cab
2018-11-24 10:45:42.508  INFO 19004 --- [main] o.s.b.f.s.DefaultListableBeanFactory     : Overriding bean definition for bean 'counterFactory' with a different definition: replacing [Root bean: class [null]; scope=; abstract=false; lazyInit=false; autowireMode=3; dependencyCheck=0; autowireCandidate=true; primary=false; factoryBeanName=org.springframework.cloud.netflix.zuul.ZuulConfiguration$ZuulMetricsConfiguration; factoryMethodName=counterFactory; initMethodName=null; destroyMethodName=(inferred); defined in class path resource [org/springframework/cloud/netflix/zuul/ZuulConfiguration$ZuulMetricsConfiguration.class]] with [Root bean: class [null]; scope=; abstract=false; lazyInit=false; autowireMode=3; dependencyCheck=0; autowireCandidate=true; primary=false; factoryBeanName=org.springframework.cloud.netflix.zuul.ZuulConfiguration$ZuulCounterFactoryConfiguration; factoryMethodName=counterFactory; initMethodName=null; destroyMethodName=(inferred); defined in class path resource [org/springframework/cloud/netflix/zuul/ZuulConfiguration$ZuulCounterFactoryConfiguration.class]]
2018-11-24 10:45:42.632  INFO 19004 --- [main] o.s.cloud.context.scope.GenericScope     : BeanFactory id=dcbd74ea-bf85-3790-b34c-660dcc4bb54e
2018-11-24 10:45:42.645  INFO 19004 --- [main] f.a.AutowiredAnnotationBeanPostProcessor : JSR-330 'javax.inject.Inject' annotation found and supported for autowiring
2018-11-24 10:45:42.686  INFO 19004 --- [main] trationDelegate$BeanPostProcessorChecker : Bean 'org.springframework.cloud.netflix.metrics.MetricsInterceptorConfiguration$MetricsRestTemplateConfiguration' of type [org.springframework.cloud.netflix.metrics.MetricsInterceptorConfiguration$MetricsRestTemplateConfiguration$$EnhancerBySpringCGLIB$$88d2726d] is not eligible for getting processed by all BeanPostProcessors (for example: not eligible for auto-proxying)
2018-11-24 10:45:42.693  INFO 19004 --- [main] trationDelegate$BeanPostProcessorChecker : Bean 'org.springframework.cloud.autoconfigure.ConfigurationPropertiesRebinderAutoConfiguration' of type [org.springframework.cloud.autoconfigure.ConfigurationPropertiesRebinderAutoConfiguration$$EnhancerBySpringCGLIB$$72bfcf29] is not eligible for getting processed by all BeanPostProcessors (for example: not eligible for auto-proxying)
2018-11-24 10:45:42.904  INFO 19004 --- [main] s.b.c.e.t.TomcatEmbeddedServletContainer : Tomcat initialized with port(s): 5000 (http)
2018-11-24 10:45:42.911  INFO 19004 --- [main] o.apache.catalina.core.StandardService   : Starting service Tomcat
2018-11-24 10:45:42.912  INFO 19004 --- [main] org.apache.catalina.core.StandardEngine  : Starting Servlet Engine: Apache Tomcat/8.5.14
2018-11-24 10:45:43.059  INFO 19004 --- [localhost-startStop-1] o.a.c.c.C.[Tomcat].[localhost].[/]       : Initializing Spring embedded WebApplicationContext
2018-11-24 10:45:43.060  INFO 19004 --- [localhost-startStop-1] o.s.web.context.ContextLoader            : Root WebApplicationContext: initialization completed in 1062 ms
2018-11-24 10:45:43.414  WARN 19004 --- [localhost-startStop-1] c.n.c.sources.URLConfigurationSource     : No URLs will be polled as dynamic configuration sources.
2018-11-24 10:45:43.414  INFO 19004 --- [localhost-startStop-1] c.n.c.sources.URLConfigurationSource     : To enable URLs as dynamic configuration sources, define System property archaius.configurationSource.additionalUrls or make config.properties available on classpath.
2018-11-24 10:45:43.417  INFO 19004 --- [localhost-startStop-1] c.netflix.config.DynamicPropertyFactory  : DynamicPropertyFactory is initialized with configuration sources: com.netflix.config.ConcurrentCompositeConfiguration@15f3943b
2018-11-24 10:45:43.575  INFO 19004 --- [localhost-startStop-1] o.s.b.w.servlet.ServletRegistrationBean  : Mapping servlet: 'dispatcherServlet' to [/]
2018-11-24 10:45:43.576  INFO 19004 --- [localhost-startStop-1] o.s.b.w.servlet.ServletRegistrationBean  : Mapping servlet: 'zuulServlet' to [/zuul/*]
2018-11-24 10:45:43.579  INFO 19004 --- [localhost-startStop-1] o.s.b.w.servlet.FilterRegistrationBean   : Mapping filter: 'metricsFilter' to: [/*]
2018-11-24 10:45:43.579  INFO 19004 --- [localhost-startStop-1] o.s.b.w.servlet.FilterRegistrationBean   : Mapping filter: 'characterEncodingFilter' to: [/*]
2018-11-24 10:45:43.579  INFO 19004 --- [localhost-startStop-1] o.s.b.w.servlet.FilterRegistrationBean   : Mapping filter: 'hiddenHttpMethodFilter' to: [/*]
2018-11-24 10:45:43.579  INFO 19004 --- [localhost-startStop-1] o.s.b.w.servlet.FilterRegistrationBean   : Mapping filter: 'httpPutFormContentFilter' to: [/*]
2018-11-24 10:45:43.579  INFO 19004 --- [localhost-startStop-1] o.s.b.w.servlet.FilterRegistrationBean   : Mapping filter: 'requestContextFilter' to: [/*]
2018-11-24 10:45:43.580  INFO 19004 --- [localhost-startStop-1] o.s.b.w.servlet.FilterRegistrationBean   : Mapping filter: 'webRequestLoggingFilter' to: [/*]
2018-11-24 10:45:43.580  INFO 19004 --- [localhost-startStop-1] o.s.b.w.servlet.FilterRegistrationBean   : Mapping filter: 'applicationContextIdFilter' to: [/*]
2018-11-24 10:45:43.591  INFO 19004 --- [localhost-startStop-1] o.s.c.n.zuul.ZuulFilterInitializer       : Starting filter initializer context listener
2018-11-24 10:45:44.276  INFO 19004 --- [main] o.a.c.c.C.[Tomcat].[localhost].[/]       : jolokia: No access restrictor found, access to any MBean is allowed
2018-11-24 10:45:44.404  INFO 19004 --- [main] s.w.s.m.m.a.RequestMappingHandlerAdapter : Looking for @ControllerAdvice: org.springframework.boot.context.embedded.AnnotationConfigEmbeddedWebApplicationContext@e8df99a: startup date [Sat Nov 24 10:45:41 CST 2018]; parent: org.springframework.context.annotation.AnnotationConfigApplicationContext@79b06cab
2018-11-24 10:45:44.466  INFO 19004 --- [main] s.w.s.m.m.a.RequestMappingHandlerMapping : Mapped "{[/error]}" onto public org.springframework.http.ResponseEntity<java.util.Map<java.lang.String, java.lang.Object>> org.springframework.boot.autoconfigure.web.BasicErrorController.error(javax.servlet.http.HttpServletRequest)
2018-11-24 10:45:44.467  INFO 19004 --- [main] s.w.s.m.m.a.RequestMappingHandlerMapping : Mapped "{[/error],produces=[text/html]}" onto public org.springframework.web.servlet.ModelAndView org.springframework.boot.autoconfigure.web.BasicErrorController.errorHtml(javax.servlet.http.HttpServletRequest,javax.servlet.http.HttpServletResponse)
2018-11-24 10:45:44.472  INFO 19004 --- [main] s.w.s.m.m.a.RequestMappingHandlerMapping : Mapped "{[/api/applications/{id}],methods=[GET]}" onto public org.springframework.http.ResponseEntity<?> de.codecentric.boot.admin.registry.web.RegistryController.get(java.lang.String)
2018-11-24 10:45:44.472  INFO 19004 --- [main] s.w.s.m.m.a.RequestMappingHandlerMapping : Mapped "{[/api/applications],methods=[POST]}" onto public org.springframework.http.ResponseEntity<de.codecentric.boot.admin.model.Application> de.codecentric.boot.admin.registry.web.RegistryController.register(de.codecentric.boot.admin.model.Application)
2018-11-24 10:45:44.473  INFO 19004 --- [main] s.w.s.m.m.a.RequestMappingHandlerMapping : Mapped "{[/api/applications/{id}],methods=[DELETE]}" onto public org.springframework.http.ResponseEntity<?> de.codecentric.boot.admin.registry.web.RegistryController.unregister(java.lang.String)
2018-11-24 10:45:44.473  INFO 19004 --- [main] s.w.s.m.m.a.RequestMappingHandlerMapping : Mapped "{[/api/applications],methods=[GET]}" onto public java.util.Collection<de.codecentric.boot.admin.model.Application> de.codecentric.boot.admin.registry.web.RegistryController.applications(java.lang.String)
2018-11-24 10:45:44.474  INFO 19004 --- [main] s.w.s.m.m.a.RequestMappingHandlerMapping : Mapped "{[/api/journal],produces=[text/event-stream]}" onto public org.springframework.web.servlet.mvc.method.annotation.SseEmitter de.codecentric.boot.admin.journal.web.JournalController.getJournalEvents()
2018-11-24 10:45:44.475  INFO 19004 --- [main] s.w.s.m.m.a.RequestMappingHandlerMapping : Mapped "{[/api/journal],produces=[application/json]}" onto public java.util.Collection<de.codecentric.boot.admin.event.ClientApplicationEvent> de.codecentric.boot.admin.journal.web.JournalController.getJournal()
2018-11-24 10:45:44.489  INFO 19004 --- [main] o.s.w.s.handler.SimpleUrlHandlerMapping  : Root mapping to handler of type [class org.springframework.web.servlet.mvc.ParameterizableViewController]
2018-11-24 10:45:44.513  WARN 19004 --- [main] o.s.w.s.r.ResourceHttpRequestHandler     : Locations list is empty. No resources will be served unless a custom ResourceResolver is configured as an alternative to PathResourceResolver.
2018-11-24 10:45:44.513  WARN 19004 --- [main] o.s.w.s.r.ResourceHttpRequestHandler     : Locations list is empty. No resources will be served unless a custom ResourceResolver is configured as an alternative to PathResourceResolver.
2018-11-24 10:45:44.515  INFO 19004 --- [main] o.s.w.s.handler.SimpleUrlHandlerMapping  : Mapped URL path [/webjars/**] onto handler of type [class org.springframework.web.servlet.resource.ResourceHttpRequestHandler]
2018-11-24 10:45:44.516  INFO 19004 --- [main] o.s.w.s.handler.SimpleUrlHandlerMapping  : Mapped URL path [/**] onto handler of type [class org.springframework.web.servlet.resource.ResourceHttpRequestHandler]
2018-11-24 10:45:44.516  INFO 19004 --- [main] o.s.w.s.handler.SimpleUrlHandlerMapping  : Mapped URL path [/all-modules.css] onto handler of type [class org.springframework.web.servlet.resource.ResourceHttpRequestHandler]
2018-11-24 10:45:44.516  INFO 19004 --- [main] o.s.w.s.handler.SimpleUrlHandlerMapping  : Mapped URL path [/all-modules.js] onto handler of type [class org.springframework.web.servlet.resource.ResourceHttpRequestHandler]
2018-11-24 10:45:44.572  INFO 19004 --- [main] o.s.w.s.handler.SimpleUrlHandlerMapping  : Mapped URL path [/**/favicon.ico] onto handler of type [class org.springframework.web.servlet.resource.ResourceHttpRequestHandler]
2018-11-24 10:45:45.038  INFO 19004 --- [main] o.s.b.a.e.mvc.EndpointHandlerMapping     : Mapped "{[/logfile || /logfile.json],methods=[GET || HEAD]}" onto public void org.springframework.boot.actuate.endpoint.mvc.LogFileMvcEndpoint.invoke(javax.servlet.http.HttpServletRequest,javax.servlet.http.HttpServletResponse) throws javax.servlet.ServletException,java.io.IOException
2018-11-24 10:45:45.038  INFO 19004 --- [main] o.s.b.a.e.mvc.EndpointHandlerMapping     : Mapped "{[/autoconfig || /autoconfig.json],methods=[GET],produces=[application/vnd.spring-boot.actuator.v1+json || application/json]}" onto public java.lang.Object org.springframework.boot.actuate.endpoint.mvc.EndpointMvcAdapter.invoke()
2018-11-24 10:45:45.039  INFO 19004 --- [main] o.s.b.a.e.mvc.EndpointHandlerMapping     : Mapped "{[/service-registry/instance-status],methods=[GET]}" onto public org.springframework.http.ResponseEntity org.springframework.cloud.client.serviceregistry.endpoint.ServiceRegistryEndpoint.getStatus()
2018-11-24 10:45:45.039  INFO 19004 --- [main] o.s.b.a.e.mvc.EndpointHandlerMapping     : Mapped "{[/service-registry/instance-status],methods=[POST]}" onto public org.springframework.http.ResponseEntity<?> org.springframework.cloud.client.serviceregistry.endpoint.ServiceRegistryEndpoint.setStatus(java.lang.String)
2018-11-24 10:45:45.039  INFO 19004 --- [main] o.s.b.a.e.mvc.EndpointHandlerMapping     : Mapped "{[/health || /health.json],methods=[GET],produces=[application/vnd.spring-boot.actuator.v1+json || application/json]}" onto public java.lang.Object org.springframework.boot.actuate.endpoint.mvc.HealthMvcEndpoint.invoke(javax.servlet.http.HttpServletRequest,java.security.Principal)
2018-11-24 10:45:45.040  INFO 19004 --- [main] o.s.b.a.e.mvc.EndpointHandlerMapping     : Mapped "{[/pause || /pause.json],methods=[POST]}" onto public java.lang.Object org.springframework.cloud.endpoint.GenericPostableMvcEndpoint.invoke()
2018-11-24 10:45:45.040  INFO 19004 --- [main] o.s.b.a.e.mvc.EndpointHandlerMapping     : Mapped "{[/configprops || /configprops.json],methods=[GET],produces=[application/vnd.spring-boot.actuator.v1+json || application/json]}" onto public java.lang.Object org.springframework.boot.actuate.endpoint.mvc.EndpointMvcAdapter.invoke()
2018-11-24 10:45:45.042  INFO 19004 --- [main] o.s.b.a.e.mvc.EndpointHandlerMapping     : Mapped "{[/loggers/{name:.*}],methods=[GET],produces=[application/vnd.spring-boot.actuator.v1+json || application/json]}" onto public java.lang.Object org.springframework.boot.actuate.endpoint.mvc.LoggersMvcEndpoint.get(java.lang.String)
2018-11-24 10:45:45.042  INFO 19004 --- [main] o.s.b.a.e.mvc.EndpointHandlerMapping     : Mapped "{[/loggers/{name:.*}],methods=[POST],consumes=[application/vnd.spring-boot.actuator.v1+json || application/json],produces=[application/vnd.spring-boot.actuator.v1+json || application/json]}" onto public java.lang.Object org.springframework.boot.actuate.endpoint.mvc.LoggersMvcEndpoint.set(java.lang.String,java.util.Map<java.lang.String, java.lang.String>)
2018-11-24 10:45:45.042  INFO 19004 --- [main] o.s.b.a.e.mvc.EndpointHandlerMapping     : Mapped "{[/loggers || /loggers.json],methods=[GET],produces=[application/vnd.spring-boot.actuator.v1+json || application/json]}" onto public java.lang.Object org.springframework.boot.actuate.endpoint.mvc.EndpointMvcAdapter.invoke()
2018-11-24 10:45:45.043  INFO 19004 --- [main] o.s.b.a.e.mvc.EndpointHandlerMapping     : Mapped "{[/env],methods=[POST]}" onto public java.lang.Object org.springframework.cloud.context.environment.EnvironmentManagerMvcEndpoint.value(java.util.Map<java.lang.String, java.lang.String>)
2018-11-24 10:45:45.044  INFO 19004 --- [main] o.s.b.a.e.mvc.EndpointHandlerMapping     : Mapped "{[/env/reset],methods=[POST]}" onto public java.util.Map<java.lang.String, java.lang.Object> org.springframework.cloud.context.environment.EnvironmentManagerMvcEndpoint.reset()
2018-11-24 10:45:45.044  INFO 19004 --- [main] o.s.b.a.e.mvc.EndpointHandlerMapping     : Mapped "{[/env/{name:.*}],methods=[GET],produces=[application/vnd.spring-boot.actuator.v1+json || application/json]}" onto public java.lang.Object org.springframework.boot.actuate.endpoint.mvc.EnvironmentMvcEndpoint.value(java.lang.String)
2018-11-24 10:45:45.044  INFO 19004 --- [main] o.s.b.a.e.mvc.EndpointHandlerMapping     : Mapped "{[/env || /env.json],methods=[GET],produces=[application/vnd.spring-boot.actuator.v1+json || application/json]}" onto public java.lang.Object org.springframework.boot.actuate.endpoint.mvc.EndpointMvcAdapter.invoke()
2018-11-24 10:45:45.045  INFO 19004 --- [main] o.s.b.a.e.mvc.EndpointHandlerMapping     : Mapped "{[/routes || /routes.json],methods=[GET],produces=[application/vnd.spring-boot.actuator.v1+json || application/json]}" onto public java.lang.Object org.springframework.boot.actuate.endpoint.mvc.EndpointMvcAdapter.invoke()
2018-11-24 10:45:45.045  INFO 19004 --- [main] o.s.b.a.e.mvc.EndpointHandlerMapping     : Mapped "{[/refresh || /refresh.json],methods=[POST]}" onto public java.lang.Object org.springframework.cloud.endpoint.GenericPostableMvcEndpoint.invoke()
2018-11-24 10:45:45.046  INFO 19004 --- [main] o.s.b.a.e.mvc.EndpointHandlerMapping     : Mapped "{[/resume || /resume.json],methods=[POST]}" onto public java.lang.Object org.springframework.cloud.endpoint.GenericPostableMvcEndpoint.invoke()
2018-11-24 10:45:45.046  INFO 19004 --- [main] o.s.b.a.e.mvc.EndpointHandlerMapping     : Mapped "{[/metrics/{name:.*}],methods=[GET],produces=[application/vnd.spring-boot.actuator.v1+json || application/json]}" onto public java.lang.Object org.springframework.boot.actuate.endpoint.mvc.MetricsMvcEndpoint.value(java.lang.String)
2018-11-24 10:45:45.046  INFO 19004 --- [main] o.s.b.a.e.mvc.EndpointHandlerMapping     : Mapped "{[/metrics || /metrics.json],methods=[GET],produces=[application/vnd.spring-boot.actuator.v1+json || application/json]}" onto public java.lang.Object org.springframework.boot.actuate.endpoint.mvc.EndpointMvcAdapter.invoke()
2018-11-24 10:45:45.047  INFO 19004 --- [main] o.s.b.a.e.mvc.EndpointHandlerMapping     : Mapped "{[/features || /features.json],methods=[GET],produces=[application/vnd.spring-boot.actuator.v1+json || application/json]}" onto public java.lang.Object org.springframework.boot.actuate.endpoint.mvc.EndpointMvcAdapter.invoke()
2018-11-24 10:45:45.048  INFO 19004 --- [main] o.s.b.a.e.mvc.EndpointHandlerMapping     : Mapped "{[/auditevents || /auditevents.json],methods=[GET],produces=[application/vnd.spring-boot.actuator.v1+json || application/json]}" onto public org.springframework.http.ResponseEntity<?> org.springframework.boot.actuate.endpoint.mvc.AuditEventsMvcEndpoint.findByPrincipalAndAfterAndType(java.lang.String,java.util.Date,java.lang.String)
2018-11-24 10:45:45.048  INFO 19004 --- [main] o.s.b.a.e.mvc.EndpointHandlerMapping     : Mapped "{[/mappings || /mappings.json],methods=[GET],produces=[application/vnd.spring-boot.actuator.v1+json || application/json]}" onto public java.lang.Object org.springframework.boot.actuate.endpoint.mvc.EndpointMvcAdapter.invoke()
2018-11-24 10:45:45.049  INFO 19004 --- [main] o.s.b.a.e.mvc.EndpointHandlerMapping     : Mapped "{[/heapdump || /heapdump.json],methods=[GET],produces=[application/octet-stream]}" onto public void org.springframework.boot.actuate.endpoint.mvc.HeapdumpMvcEndpoint.invoke(boolean,javax.servlet.http.HttpServletRequest,javax.servlet.http.HttpServletResponse) throws java.io.IOException,javax.servlet.ServletException
2018-11-24 10:45:45.049  INFO 19004 --- [main] o.s.b.a.e.mvc.EndpointHandlerMapping     : Mapped "{[/trace || /trace.json],methods=[GET],produces=[application/vnd.spring-boot.actuator.v1+json || application/json]}" onto public java.lang.Object org.springframework.boot.actuate.endpoint.mvc.EndpointMvcAdapter.invoke()
2018-11-24 10:45:45.049  INFO 19004 --- [main] o.s.b.a.e.mvc.EndpointHandlerMapping     : Mapped "{[/info || /info.json],methods=[GET],produces=[application/vnd.spring-boot.actuator.v1+json || application/json]}" onto public java.lang.Object org.springframework.boot.actuate.endpoint.mvc.EndpointMvcAdapter.invoke()
2018-11-24 10:45:45.050  INFO 19004 --- [main] o.s.b.a.e.mvc.EndpointHandlerMapping     : Mapped "{[/jolokia/**]}" onto public org.springframework.web.servlet.ModelAndView org.springframework.boot.actuate.endpoint.mvc.JolokiaMvcEndpoint.handle(javax.servlet.http.HttpServletRequest,javax.servlet.http.HttpServletResponse) throws java.lang.Exception
2018-11-24 10:45:45.050  INFO 19004 --- [main] o.s.b.a.e.mvc.EndpointHandlerMapping     : Mapped "{[/restart || /restart.json],methods=[POST]}" onto public java.lang.Object org.springframework.cloud.context.restart.RestartMvcEndpoint.invoke()
2018-11-24 10:45:45.050  INFO 19004 --- [main] o.s.b.a.e.mvc.EndpointHandlerMapping     : Mapped "{[/beans || /beans.json],methods=[GET],produces=[application/vnd.spring-boot.actuator.v1+json || application/json]}" onto public java.lang.Object org.springframework.boot.actuate.endpoint.mvc.EndpointMvcAdapter.invoke()
2018-11-24 10:45:45.051  INFO 19004 --- [main] o.s.b.a.e.mvc.EndpointHandlerMapping     : Mapped "{[/dump || /dump.json],methods=[GET],produces=[application/vnd.spring-boot.actuator.v1+json || application/json]}" onto public java.lang.Object org.springframework.boot.actuate.endpoint.mvc.EndpointMvcAdapter.invoke()
2018-11-24 10:45:45.051  INFO 19004 --- [main] o.s.b.a.e.mvc.EndpointHandlerMapping     : Mapped "{[/archaius || /archaius.json],methods=[GET],produces=[application/vnd.spring-boot.actuator.v1+json || application/json]}" onto public java.lang.Object org.springframework.boot.actuate.endpoint.mvc.EndpointMvcAdapter.invoke()
2018-11-24 10:45:45.137  WARN 19004 --- [main] c.n.c.sources.URLConfigurationSource     : No URLs will be polled as dynamic configuration sources.
2018-11-24 10:45:45.138  INFO 19004 --- [main] c.n.c.sources.URLConfigurationSource     : To enable URLs as dynamic configuration sources, define System property archaius.configurationSource.additionalUrls or make config.properties available on classpath.
2018-11-24 10:45:45.334  INFO 19004 --- [main] o.s.s.c.ThreadPoolTaskScheduler          : Initializing ExecutorService  'updateTaskScheduler'
2018-11-24 10:45:45.366  INFO 19004 --- [main] d.c.boot.admin.web.PrefixHandlerMapping  : Mapped "{[/api/applications/{id}],methods=[GET]}" onto public org.springframework.http.ResponseEntity<?> de.codecentric.boot.admin.registry.web.RegistryController.get(java.lang.String)
2018-11-24 10:45:45.366  INFO 19004 --- [main] d.c.boot.admin.web.PrefixHandlerMapping  : Mapped "{[/api/applications],methods=[POST]}" onto public org.springframework.http.ResponseEntity<de.codecentric.boot.admin.model.Application> de.codecentric.boot.admin.registry.web.RegistryController.register(de.codecentric.boot.admin.model.Application)
2018-11-24 10:45:45.366  INFO 19004 --- [main] d.c.boot.admin.web.PrefixHandlerMapping  : Mapped "{[/api/applications/{id}],methods=[DELETE]}" onto public org.springframework.http.ResponseEntity<?> de.codecentric.boot.admin.registry.web.RegistryController.unregister(java.lang.String)
2018-11-24 10:45:45.367  INFO 19004 --- [main] d.c.boot.admin.web.PrefixHandlerMapping  : Mapped "{[/api/applications],methods=[GET]}" onto public java.util.Collection<de.codecentric.boot.admin.model.Application> de.codecentric.boot.admin.registry.web.RegistryController.applications(java.lang.String)
2018-11-24 10:45:45.367  INFO 19004 --- [main] d.c.boot.admin.web.PrefixHandlerMapping  : Mapped "{[/api/journal],produces=[text/event-stream]}" onto public org.springframework.web.servlet.mvc.method.annotation.SseEmitter de.codecentric.boot.admin.journal.web.JournalController.getJournalEvents()
2018-11-24 10:45:45.367  INFO 19004 --- [main] d.c.boot.admin.web.PrefixHandlerMapping  : Mapped "{[/api/journal],produces=[application/json]}" onto public java.util.Collection<de.codecentric.boot.admin.event.ClientApplicationEvent> de.codecentric.boot.admin.journal.web.JournalController.getJournal()
2018-11-24 10:45:45.435  INFO 19004 --- [main] o.s.j.e.a.AnnotationMBeanExporter        : Registering beans for JMX exposure on startup
2018-11-24 10:45:45.441  INFO 19004 --- [main] o.s.j.e.a.AnnotationMBeanExporter        : Bean with name 'environmentManager' has been autodetected for JMX exposure
2018-11-24 10:45:45.442  INFO 19004 --- [main] o.s.j.e.a.AnnotationMBeanExporter        : Bean with name 'configurationPropertiesRebinder' has been autodetected for JMX exposure
2018-11-24 10:45:45.443  INFO 19004 --- [main] o.s.j.e.a.AnnotationMBeanExporter        : Bean with name 'refreshEndpoint' has been autodetected for JMX exposure
2018-11-24 10:45:45.443  INFO 19004 --- [main] o.s.j.e.a.AnnotationMBeanExporter        : Bean with name 'restartEndpoint' has been autodetected for JMX exposure
2018-11-24 10:45:45.443  INFO 19004 --- [main] o.s.j.e.a.AnnotationMBeanExporter        : Bean with name 'serviceRegistryEndpoint' has been autodetected for JMX exposure
2018-11-24 10:45:45.444  INFO 19004 --- [main] o.s.j.e.a.AnnotationMBeanExporter        : Bean with name 'zuulEndpoint' has been autodetected for JMX exposure
2018-11-24 10:45:45.445  INFO 19004 --- [main] o.s.j.e.a.AnnotationMBeanExporter        : Bean with name 'refreshScope' has been autodetected for JMX exposure
2018-11-24 10:45:45.446  INFO 19004 --- [main] o.s.j.e.a.AnnotationMBeanExporter        : Located managed bean 'environmentManager': registering with JMX server as MBean [org.springframework.cloud.context.environment:name=environmentManager,type=EnvironmentManager]
2018-11-24 10:45:45.456  INFO 19004 --- [main] o.s.j.e.a.AnnotationMBeanExporter        : Located managed bean 'restartEndpoint': registering with JMX server as MBean [org.springframework.cloud.context.restart:name=restartEndpoint,type=RestartEndpoint]
2018-11-24 10:45:45.463  INFO 19004 --- [main] o.s.j.e.a.AnnotationMBeanExporter        : Located managed bean 'serviceRegistryEndpoint': registering with JMX server as MBean [org.springframework.cloud.client.serviceregistry.endpoint:name=serviceRegistryEndpoint,type=ServiceRegistryEndpoint]
2018-11-24 10:45:45.467  INFO 19004 --- [main] o.s.j.e.a.AnnotationMBeanExporter        : Located managed bean 'refreshScope': registering with JMX server as MBean [org.springframework.cloud.context.scope.refresh:name=refreshScope,type=RefreshScope]
2018-11-24 10:45:45.474  INFO 19004 --- [main] o.s.j.e.a.AnnotationMBeanExporter        : Located managed bean 'zuulEndpoint': registering with JMX server as MBean [org.springframework.cloud.netflix.zuul:name=zuulEndpoint,type=RoutesEndpoint]
2018-11-24 10:45:45.474  WARN 19004 --- [main] o.s.j.e.a.AnnotationMBeanExporter        : Bean with key 'zuulEndpoint' has been registered as an MBean but has no exposed attributes or operations
2018-11-24 10:45:45.475  INFO 19004 --- [main] o.s.j.e.a.AnnotationMBeanExporter        : Located managed bean 'configurationPropertiesRebinder': registering with JMX server as MBean [org.springframework.cloud.context.properties:name=configurationPropertiesRebinder,context=e8df99a,type=ConfigurationPropertiesRebinder]
2018-11-24 10:45:45.479  INFO 19004 --- [main] o.s.j.e.a.AnnotationMBeanExporter        : Located managed bean 'refreshEndpoint': registering with JMX server as MBean [org.springframework.cloud.endpoint:name=refreshEndpoint,type=RefreshEndpoint]
2018-11-24 10:45:45.768  INFO 19004 --- [main] o.a.c.c.C.[Tomcat].[localhost].[/]       : jolokia: No access restrictor found, access to any MBean is allowed
2018-11-24 10:45:45.771  INFO 19004 --- [main] o.a.c.c.C.[Tomcat].[localhost].[/]       : jolokia: jolokia:type=Config is already registered. Adding it with jolokia:type=Config,uuid=2d239cfa-0ddd-4f9c-bf46-83b28a616940, but you should revise your setup in order to either use a qualifier or ensure, that only a single agent gets registered (otherwise history functionality might not work)
2018-11-24 10:45:45.772  INFO 19004 --- [main] o.a.c.c.C.[Tomcat].[localhost].[/]       : jolokia: Cannot register (legacy) MBean handler for config store with name jmx4perl:type=Config since it already exists. This is the case if another agent has been already started within the same JVM. The registration is skipped.
2018-11-24 10:45:45.772  INFO 19004 --- [main] o.a.c.c.C.[Tomcat].[localhost].[/]       : jolokia: Jolokia Discovery MBean registration is skipped because there is already one registered.
2018-11-24 10:45:45.809  INFO 19004 --- [main] o.s.c.support.DefaultLifecycleProcessor  : Starting beans in phase 0
2018-11-24 10:45:45.815  INFO 19004 --- [main] o.s.c.n.eureka.InstanceInfoFactory       : Setting initial instance status as: STARTING
2018-11-24 10:45:45.839  INFO 19004 --- [main] com.netflix.discovery.DiscoveryClient    : Initializing Eureka in region us-east-1
2018-11-24 10:45:45.880  INFO 19004 --- [main] c.n.d.provider.DiscoveryJerseyProvider   : Using JSON encoding codec LegacyJacksonJson
2018-11-24 10:45:45.880  INFO 19004 --- [main] c.n.d.provider.DiscoveryJerseyProvider   : Using JSON decoding codec LegacyJacksonJson
2018-11-24 10:45:45.945  INFO 19004 --- [main] c.n.d.provider.DiscoveryJerseyProvider   : Using XML encoding codec XStreamXml
2018-11-24 10:45:45.945  INFO 19004 --- [main] c.n.d.provider.DiscoveryJerseyProvider   : Using XML decoding codec XStreamXml
2018-11-24 10:45:46.090  INFO 19004 --- [main] c.n.d.s.r.aws.ConfigClusterResolver      : Resolving eureka endpoints via configuration
2018-11-24 10:45:46.276  INFO 19004 --- [main] com.netflix.discovery.DiscoveryClient    : Disable delta property : false
2018-11-24 10:45:46.276  INFO 19004 --- [main] com.netflix.discovery.DiscoveryClient    : Single vip registry refresh property : null
2018-11-24 10:45:46.276  INFO 19004 --- [main] com.netflix.discovery.DiscoveryClient    : Force full registry fetch : false
2018-11-24 10:45:46.276  INFO 19004 --- [main] com.netflix.discovery.DiscoveryClient    : Application is null : false
2018-11-24 10:45:46.276  INFO 19004 --- [main] com.netflix.discovery.DiscoveryClient    : Registered Applications size is zero : true
2018-11-24 10:45:46.276  INFO 19004 --- [main] com.netflix.discovery.DiscoveryClient    : Application version is -1: true
2018-11-24 10:45:46.277  INFO 19004 --- [main] com.netflix.discovery.DiscoveryClient    : Getting all instance registry info from the eureka server
2018-11-24 10:45:46.392  INFO 19004 --- [main] com.netflix.discovery.DiscoveryClient    : The response status is 200
2018-11-24 10:45:46.394  INFO 19004 --- [main] com.netflix.discovery.DiscoveryClient    : Starting heartbeat executor: renew interval is: 30
2018-11-24 10:45:46.396  INFO 19004 --- [main] c.n.discovery.InstanceInfoReplicator     : InstanceInfoReplicator onDemand update allowed rate per min is 4
2018-11-24 10:45:46.401  INFO 19004 --- [main] com.netflix.discovery.DiscoveryClient    : Discovery Client initialized at timestamp 1543027546401 with initial instances count: 2
2018-11-24 10:45:46.415  INFO 19004 --- [main] o.s.c.n.e.s.EurekaServiceRegistry        : Registering application admin-server with eureka with status UP
2018-11-24 10:45:46.415  INFO 19004 --- [main] com.netflix.discovery.DiscoveryClient    : Saw local status change event StatusChangeEvent [timestamp=1543027546415, current=UP, previous=STARTING]
2018-11-24 10:45:46.416  INFO 19004 --- [DiscoveryClient-InstanceInfoReplicator-0] com.netflix.discovery.DiscoveryClient    : DiscoveryClient_ADMIN-SERVER/DESKTOP-T4PO715:admin-server:5000: registering service...
2018-11-24 10:45:46.428  INFO 19004 --- [main] d.c.b.a.registry.ApplicationRegistry     : New Application Application [id=9e65fe05, name=EUREKA-CLIENT-ONE, managementUrl=http://DESKTOP-T4PO715:8762, healthUrl=http://DESKTOP-T4PO715:8762/health, serviceUrl=http://DESKTOP-T4PO715:8762] registered 
2018-11-24 10:45:46.434  INFO 19004 --- [main] d.c.b.a.registry.ApplicationRegistry     : New Application Application [id=4db44897, name=ADMIN-SERVER, managementUrl=http://DESKTOP-T4PO715:5000, healthUrl=http://DESKTOP-T4PO715:5000/health, serviceUrl=http://DESKTOP-T4PO715:5000] registered 
2018-11-24 10:45:46.453  INFO 19004 --- [DiscoveryClient-InstanceInfoReplicator-0] com.netflix.discovery.DiscoveryClient    : DiscoveryClient_ADMIN-SERVER/DESKTOP-T4PO715:admin-server:5000 - registration status: 204
2018-11-24 10:45:46.523  INFO 19004 --- [main] s.b.c.e.t.TomcatEmbeddedServletContainer : Tomcat started on port(s): 5000 (http)
2018-11-24 10:45:46.523  INFO 19004 --- [main] .s.c.n.e.s.EurekaAutoServiceRegistration : Updating port to 5000
2018-11-24 10:45:46.527  INFO 19004 --- [main] com.book.AdminServerApplication          : Started AdminServerApplication in 5.806 seconds (JVM running for 6.822)
2018-11-24 10:45:46.619  INFO 19004 --- [http-nio-5000-exec-1] o.a.c.c.C.[Tomcat].[localhost].[/]       : Initializing Spring FrameworkServlet 'dispatcherServlet'
2018-11-24 10:45:46.620  INFO 19004 --- [http-nio-5000-exec-1] o.s.web.servlet.DispatcherServlet        : FrameworkServlet 'dispatcherServlet': initialization started
2018-11-24 10:45:46.644  INFO 19004 --- [http-nio-5000-exec-1] o.s.web.servlet.DispatcherServlet        : FrameworkServlet 'dispatcherServlet': initialization completed in 24 ms
2018-11-24 10:45:46.656  INFO 19004 --- [http-nio-5000-exec-1] o.s.c.n.zuul.web.ZuulHandlerMapping      : Mapped URL path [/api/applications/9e65fe05/health/**] onto handler of type [class de.codecentric.boot.admin.zuul.OptionsDispatchingZuulController]
2018-11-24 10:45:46.656  INFO 19004 --- [http-nio-5000-exec-1] o.s.c.n.zuul.web.ZuulHandlerMapping      : Mapped URL path [/api/applications/9e65fe05/env/**] onto handler of type [class de.codecentric.boot.admin.zuul.OptionsDispatchingZuulController]
2018-11-24 10:45:46.657  INFO 19004 --- [http-nio-5000-exec-1] o.s.c.n.zuul.web.ZuulHandlerMapping      : Mapped URL path [/api/applications/9e65fe05/metrics/**] onto handler of type [class de.codecentric.boot.admin.zuul.OptionsDispatchingZuulController]
2018-11-24 10:45:46.657  INFO 19004 --- [http-nio-5000-exec-1] o.s.c.n.zuul.web.ZuulHandlerMapping      : Mapped URL path [/api/applications/9e65fe05/dump/**] onto handler of type [class de.codecentric.boot.admin.zuul.OptionsDispatchingZuulController]
2018-11-24 10:45:46.657  INFO 19004 --- [http-nio-5000-exec-1] o.s.c.n.zuul.web.ZuulHandlerMapping      : Mapped URL path [/api/applications/9e65fe05/jolokia/**] onto handler of type [class de.codecentric.boot.admin.zuul.OptionsDispatchingZuulController]
2018-11-24 10:45:46.657  INFO 19004 --- [http-nio-5000-exec-1] o.s.c.n.zuul.web.ZuulHandlerMapping      : Mapped URL path [/api/applications/9e65fe05/info/**] onto handler of type [class de.codecentric.boot.admin.zuul.OptionsDispatchingZuulController]
2018-11-24 10:45:46.657  INFO 19004 --- [http-nio-5000-exec-1] o.s.c.n.zuul.web.ZuulHandlerMapping      : Mapped URL path [/api/applications/9e65fe05/configprops/**] onto handler of type [class de.codecentric.boot.admin.zuul.OptionsDispatchingZuulController]
2018-11-24 10:45:46.657  INFO 19004 --- [http-nio-5000-exec-1] o.s.c.n.zuul.web.ZuulHandlerMapping      : Mapped URL path [/api/applications/9e65fe05/trace/**] onto handler of type [class de.codecentric.boot.admin.zuul.OptionsDispatchingZuulController]
2018-11-24 10:45:46.657  INFO 19004 --- [http-nio-5000-exec-1] o.s.c.n.zuul.web.ZuulHandlerMapping      : Mapped URL path [/api/applications/9e65fe05/logfile/**] onto handler of type [class de.codecentric.boot.admin.zuul.OptionsDispatchingZuulController]
2018-11-24 10:45:46.657  INFO 19004 --- [http-nio-5000-exec-1] o.s.c.n.zuul.web.ZuulHandlerMapping      : Mapped URL path [/api/applications/9e65fe05/refresh/**] onto handler of type [class de.codecentric.boot.admin.zuul.OptionsDispatchingZuulController]
2018-11-24 10:45:46.657  INFO 19004 --- [http-nio-5000-exec-1] o.s.c.n.zuul.web.ZuulHandlerMapping      : Mapped URL path [/api/applications/9e65fe05/flyway/**] onto handler of type [class de.codecentric.boot.admin.zuul.OptionsDispatchingZuulController]
2018-11-24 10:45:46.657  INFO 19004 --- [http-nio-5000-exec-1] o.s.c.n.zuul.web.ZuulHandlerMapping      : Mapped URL path [/api/applications/9e65fe05/liquibase/**] onto handler of type [class de.codecentric.boot.admin.zuul.OptionsDispatchingZuulController]
2018-11-24 10:45:46.657  INFO 19004 --- [http-nio-5000-exec-1] o.s.c.n.zuul.web.ZuulHandlerMapping      : Mapped URL path [/api/applications/9e65fe05/heapdump/**] onto handler of type [class de.codecentric.boot.admin.zuul.OptionsDispatchingZuulController]
2018-11-24 10:45:46.661  INFO 19004 --- [http-nio-5000-exec-1] o.s.c.n.zuul.web.ZuulHandlerMapping      : Mapped URL path [/api/applications/9e65fe05/loggers/**] onto handler of type [class de.codecentric.boot.admin.zuul.OptionsDispatchingZuulController]
2018-11-24 10:45:46.661  INFO 19004 --- [http-nio-5000-exec-1] o.s.c.n.zuul.web.ZuulHandlerMapping      : Mapped URL path [/api/applications/9e65fe05/auditevents/**] onto handler of type [class de.codecentric.boot.admin.zuul.OptionsDispatchingZuulController]
2018-11-24 10:45:46.661  INFO 19004 --- [http-nio-5000-exec-1] o.s.c.n.zuul.web.ZuulHandlerMapping      : Mapped URL path [/api/applications/9e65fe05/hystrix.stream/**] onto handler of type [class de.codecentric.boot.admin.zuul.OptionsDispatchingZuulController]
2018-11-24 10:45:46.661  INFO 19004 --- [http-nio-5000-exec-1] o.s.c.n.zuul.web.ZuulHandlerMapping      : Mapped URL path [/api/applications/4db44897/health/**] onto handler of type [class de.codecentric.boot.admin.zuul.OptionsDispatchingZuulController]
2018-11-24 10:45:46.661  INFO 19004 --- [http-nio-5000-exec-1] o.s.c.n.zuul.web.ZuulHandlerMapping      : Mapped URL path [/api/applications/4db44897/env/**] onto handler of type [class de.codecentric.boot.admin.zuul.OptionsDispatchingZuulController]
2018-11-24 10:45:46.661  INFO 19004 --- [http-nio-5000-exec-1] o.s.c.n.zuul.web.ZuulHandlerMapping      : Mapped URL path [/api/applications/4db44897/metrics/**] onto handler of type [class de.codecentric.boot.admin.zuul.OptionsDispatchingZuulController]
2018-11-24 10:45:46.661  INFO 19004 --- [http-nio-5000-exec-1] o.s.c.n.zuul.web.ZuulHandlerMapping      : Mapped URL path [/api/applications/4db44897/dump/**] onto handler of type [class de.codecentric.boot.admin.zuul.OptionsDispatchingZuulController]
2018-11-24 10:45:46.661  INFO 19004 --- [http-nio-5000-exec-1] o.s.c.n.zuul.web.ZuulHandlerMapping      : Mapped URL path [/api/applications/4db44897/jolokia/**] onto handler of type [class de.codecentric.boot.admin.zuul.OptionsDispatchingZuulController]
2018-11-24 10:45:46.661  INFO 19004 --- [http-nio-5000-exec-1] o.s.c.n.zuul.web.ZuulHandlerMapping      : Mapped URL path [/api/applications/4db44897/info/**] onto handler of type [class de.codecentric.boot.admin.zuul.OptionsDispatchingZuulController]
2018-11-24 10:45:46.662  INFO 19004 --- [http-nio-5000-exec-1] o.s.c.n.zuul.web.ZuulHandlerMapping      : Mapped URL path [/api/applications/4db44897/configprops/**] onto handler of type [class de.codecentric.boot.admin.zuul.OptionsDispatchingZuulController]
2018-11-24 10:45:46.662  INFO 19004 --- [http-nio-5000-exec-1] o.s.c.n.zuul.web.ZuulHandlerMapping      : Mapped URL path [/api/applications/4db44897/trace/**] onto handler of type [class de.codecentric.boot.admin.zuul.OptionsDispatchingZuulController]
2018-11-24 10:45:46.662  INFO 19004 --- [http-nio-5000-exec-1] o.s.c.n.zuul.web.ZuulHandlerMapping      : Mapped URL path [/api/applications/4db44897/logfile/**] onto handler of type [class de.codecentric.boot.admin.zuul.OptionsDispatchingZuulController]
2018-11-24 10:45:46.662  INFO 19004 --- [http-nio-5000-exec-1] o.s.c.n.zuul.web.ZuulHandlerMapping      : Mapped URL path [/api/applications/4db44897/refresh/**] onto handler of type [class de.codecentric.boot.admin.zuul.OptionsDispatchingZuulController]
2018-11-24 10:45:46.663  INFO 19004 --- [http-nio-5000-exec-1] o.s.c.n.zuul.web.ZuulHandlerMapping      : Mapped URL path [/api/applications/4db44897/flyway/**] onto handler of type [class de.codecentric.boot.admin.zuul.OptionsDispatchingZuulController]
2018-11-24 10:45:46.663  INFO 19004 --- [http-nio-5000-exec-1] o.s.c.n.zuul.web.ZuulHandlerMapping      : Mapped URL path [/api/applications/4db44897/liquibase/**] onto handler of type [class de.codecentric.boot.admin.zuul.OptionsDispatchingZuulController]
2018-11-24 10:45:46.663  INFO 19004 --- [http-nio-5000-exec-1] o.s.c.n.zuul.web.ZuulHandlerMapping      : Mapped URL path [/api/applications/4db44897/heapdump/**] onto handler of type [class de.codecentric.boot.admin.zuul.OptionsDispatchingZuulController]
2018-11-24 10:45:46.663  INFO 19004 --- [http-nio-5000-exec-1] o.s.c.n.zuul.web.ZuulHandlerMapping      : Mapped URL path [/api/applications/4db44897/loggers/**] onto handler of type [class de.codecentric.boot.admin.zuul.OptionsDispatchingZuulController]
2018-11-24 10:45:46.663  INFO 19004 --- [http-nio-5000-exec-1] o.s.c.n.zuul.web.ZuulHandlerMapping      : Mapped URL path [/api/applications/4db44897/auditevents/**] onto handler of type [class de.codecentric.boot.admin.zuul.OptionsDispatchingZuulController]
2018-11-24 10:45:46.663  INFO 19004 --- [http-nio-5000-exec-1] o.s.c.n.zuul.web.ZuulHandlerMapping      : Mapped URL path [/api/applications/4db44897/hystrix.stream/**] onto handler of type [class de.codecentric.boot.admin.zuul.OptionsDispatchingZuulController]
2018-11-24 10:45:49.234  INFO 19004 --- [http-nio-5000-exec-3] o.apache.tomcat.util.http.parser.Cookie  : A cookie header was received [1540093165] that contained an invalid cookie. That cookie will be ignored.Note: further occurrences of this error will be logged at DEBUG level.
2018-11-24 10:46:29.290  WARN 19004 --- [http-nio-5000-exec-9] o.s.web.servlet.PageNotFound             : Request method 'HEAD' not supported
